[27/Dec/2016 21:06:39] "GET / HTTP/1.1" 200 8355
[27/Dec/2016 21:06:39] "GET /static/css/lightbox.css HTTP/1.1" 200 3731
[27/Dec/2016 21:06:39] "GET /static/css/custom.css HTTP/1.1" 200 38
[27/Dec/2016 21:06:39] "GET /static/css/style.css HTTP/1.1" 200 31409
[27/Dec/2016 21:06:39] "GET /static/js/jquery.min.js HTTP/1.1" 200 84245
[27/Dec/2016 21:06:39] "GET /static/js/lightbox.js HTTP/1.1" 200 15366
[27/Dec/2016 21:06:39] "GET /static/js/move-top.js HTTP/1.1" 200 1330
[27/Dec/2016 21:06:39] "GET /static/js/easing.js HTTP/1.1" 200 4758
[27/Dec/2016 21:06:40] "GET /static/js/responsiveslides.min.js HTTP/1.1" 200 3397
[27/Dec/2016 21:06:40] "GET /static/images/menu.png HTTP/1.1" 200 531
[27/Dec/2016 21:06:40] "GET /static/images/social.png HTTP/1.1" 200 5060
[27/Dec/2016 21:06:40] "GET /static/images/banner.jpg HTTP/1.1" 200 70298
[27/Dec/2016 21:06:40] "GET /static/images/to-top1.png HTTP/1.1" 200 3197
[27/Dec/2016 21:06:40] "GET /static/images/icons1.png HTTP/1.1" 200 3467
[27/Dec/2016 21:06:40] "GET /static/images/arrow.png HTTP/1.1" 200 2965
[27/Dec/2016 21:06:40] "GET /static/images/services.jpg HTTP/1.1" 200 19248
[27/Dec/2016 21:06:40] "GET /static/fonts/Raleway-Regular.ttf HTTP/1.1" 200 130128
[27/Dec/2016 21:06:43] "GET / HTTP/1.1" 200 8355
[27/Dec/2016 21:06:45] "GET /products/ HTTP/1.1" 200 6090
[27/Dec/2016 21:06:46] "GET / HTTP/1.1" 200 8355
[27/Dec/2016 21:06:47] "GET /about/ HTTP/1.1" 200 10995
[27/Dec/2016 21:06:48] "GET /static/images/t1.jpg HTTP/1.1" 200 14832
[27/Dec/2016 21:06:48] "GET /static/images/t2.jpg HTTP/1.1" 200 12257
[27/Dec/2016 21:06:48] "GET /static/images/t3.jpg HTTP/1.1" 200 11665
[27/Dec/2016 21:06:48] "GET /static/images/t4.jpg HTTP/1.1" 200 13098
[27/Dec/2016 21:06:48] "GET /static/images/social-icons.png HTTP/1.1" 200 4308
[27/Dec/2016 21:06:50] "GET / HTTP/1.1" 200 8355
[27/Dec/2016 21:06:52] "GET /about/ HTTP/1.1" 200 10995
[27/Dec/2016 21:06:56] "GET /contact/ HTTP/1.1" 200 7298
[27/Dec/2016 21:07:04] "GET /about/ HTTP/1.1" 200 10995
[27/Dec/2016 21:07:57] "GET /products/ HTTP/1.1" 200 6090
[27/Dec/2016 21:22:05] "GET / HTTP/1.1" 200 8355
[27/Dec/2016 21:22:06] "GET /static/css/custom.css HTTP/1.1" 200 38
[27/Dec/2016 21:22:06] "GET /static/css/style.css HTTP/1.1" 200 31409
[27/Dec/2016 21:22:06] "GET /static/css/lightbox.css HTTP/1.1" 200 3731
[27/Dec/2016 21:22:06] "GET /static/js/lightbox.js HTTP/1.1" 200 15366
[27/Dec/2016 21:22:06] "GET /static/js/move-top.js HTTP/1.1" 200 1330
[27/Dec/2016 21:22:06] "GET /static/js/easing.js HTTP/1.1" 200 4758
[27/Dec/2016 21:22:06] "GET /static/js/jquery.min.js HTTP/1.1" 200 84245
[27/Dec/2016 21:22:06] "GET /static/js/responsiveslides.min.js HTTP/1.1" 200 3397
[27/Dec/2016 21:22:06] "GET /static/images/menu.png HTTP/1.1" 200 531
[27/Dec/2016 21:22:07] "GET /static/images/social.png HTTP/1.1" 200 5060
[27/Dec/2016 21:22:07] "GET /static/images/banner.jpg HTTP/1.1" 200 70298
[27/Dec/2016 21:22:07] "GET /static/images/services.jpg HTTP/1.1" 200 19248
[27/Dec/2016 21:22:07] "GET /static/images/icons1.png HTTP/1.1" 200 3467
[27/Dec/2016 21:22:07] "GET /static/images/arrow.png HTTP/1.1" 200 2965
[27/Dec/2016 21:22:07] "GET /static/fonts/Raleway-Regular.ttf HTTP/1.1" 200 130128
[27/Dec/2016 21:22:07] "GET /static/images/to-top1.png HTTP/1.1" 200 3197
Not Found: /favicon.ico
[27/Dec/2016 21:22:07] "GET /favicon.ico HTTP/1.1" 404 3080
